This is pdfTeX, Version 3.1415926-2.5-1.40.14 (TeX Live 2013) (format=pdflatex 2020.4.21)  29 JAN 2022 23:40
entering extended mode
 restricted \write18 enabled.
 %&-line parsing enabled.
**gem_trd.tex
(./gem_trd.tex
LaTeX2e <2011/06/27>
Babel <v3.8m> and hyphenation patterns for english, dumylang, nohyphenation, lo
aded.
(/home/pentchev/APS_TEX/revtex4-1/tex/latex/revtex/revtex4-1.cls
Document Class: revtex4-1 2010/07/25/20:33:00 4.1r (http://publish.aps.org/revt
ex4/ for documentation)
 Copyright (c) 2009 The American Physical Society.
 mailto:revtex@aps.org
 Licensed under the LPPL:
http://www.ctan.org/tex-archive/macros/latex/base/lppl.txt
 Arthur Ogawa <arthur_ogawa at sbcglobal dot net>
 Based on work by David Carlisle <david at dcarlisle.demon.co.uk>.
ltxutil[2010/07/25/20:33:00 4.1r utilities package (portions licensed from W. E
. Baxter web at superscript.com)]
LaTeX Info: Redefining \@centercr on input line 308.
Class revtex4-1 Info: Repairing broken LaTeX eqnarray on input line 358.
\eqncolsep=\skip41
Class revtex4-1 Info: Repairing hyperref-unfriendly LaTeX definition of \mpfoot
note on input line 433.
Class revtex4-1 Info: Repairing broken LateX \@sect on input line 755.
\intertabularlinepenalty=\count79
\@tbpen=\count80
\@arstrutbox@hline=\box26
Class revtex4-1 Info: Repairing broken LaTeX \@xbitor on input line 1786.
Class revtex4-1 Info: Making \typeout \long on input line 2046.
ltxfront[2010/07/25/20:33:00 4.1r frontmatter package (AO,DPC)]
\c@affil=\count81
\c@collab=\count82
\absbox=\box27
ltxgrid[2010/07/25/20:33:00 4.1r page grid package (portions licensed from W. E
. Baxter web at superscript.com)]
\c@linecount=\count83
\output@latex=\toks14
\box@size@1=\box28
\box@size@2=\box29
\@protection@box=\box30
\@topmark@saved=\toks15
\footins@saved=\box31
\footins@recovered=\box32
\column@recovered=\box33
\pagesofar=\box34
\footsofar=\box35
\pagegrid@col=\count84
Class revtex4-1 Info: Overriding \@vspace, \@vspacer, \@no@pgbk, \@newline, and
 \\  on input line 5578.
\c@part=\count85
\c@section=\count86
\c@subsection=\count87
\c@subsubsection=\count88
\c@paragraph=\count89
\c@subparagraph=\count90
\abovecaptionskip=\skip42
\belowcaptionskip=\skip43
\c@figure=\count91
\fbox@1=\box36
\c@table=\count92
\fbox@2=\box37
\c@video=\count93
\fbox@4=\box38
\@bibdataout=\write3
\widetext@top=\box39
\widetext@bot=\box40
Class revtex4-1 Info: Selecting society aps on input line 7542.
(/home/pentchev/APS_TEX/revtex4-1/tex/latex/revtex/aps4-1.rtx
File: aps4-1 2010/07/25/20:33:00 4.1r (http://publish.aps.org/revtex4/ for docu
mentation)
Class revtex4-1 Info: RevTeX society APS selected on input line 31.
)

Class revtex4-1 Warning: No journal specified, using default pra.

Class revtex4-1 Info: APS journal PRA selected on input line 7545.
(/home/pentchev/APS_TEX/revtex4-1/tex/latex/revtex/aps12pt4-1.rtx
File: aps12pt4-1 2010/07/25/20:33:00 4.1r (http://publish.aps.org/revtex4/ for 
documentation)
Class revtex4-1 Info: RevTeX pointsize 12pt selected on input line 30.
)
(/usr/share/texlive/texmf-dist/tex/latex/textcase/textcase.sty
Package: textcase 2004/10/07 v0.07 Text only upper/lower case changing (DPC)
)
(/usr/share/texlive/texmf-dist/tex/latex/amsfonts/amssymb.sty
Package: amssymb 2013/01/14 v3.01 AMS font symbols

(/usr/share/texlive/texmf-dist/tex/latex/amsfonts/amsfonts.sty
Package: amsfonts 2013/01/14 v3.01 Basic AMSFonts support
\@emptytoks=\toks16
\symAMSa=\mathgroup4
\symAMSb=\mathgroup5
LaTeX Font Info:    Overwriting math alphabet `\mathfrak' in version `bold'
(Font)                  U/euf/m/n --> U/euf/b/n on input line 106.
))
(/usr/share/texlive/texmf-dist/tex/latex/amsmath/amsmath.sty
Package: amsmath 2013/01/14 v2.14 AMS math features
\@mathmargin=\skip44

For additional information on amsmath, use the `?' option.
(/usr/share/texlive/texmf-dist/tex/latex/amsmath/amstext.sty
Package: amstext 2000/06/29 v2.01

(/usr/share/texlive/texmf-dist/tex/latex/amsmath/amsgen.sty
File: amsgen.sty 1999/11/30 v2.0
\@emptytoks=\toks17
\ex@=\dimen102
)
LaTeX Info: Redefining \text on input line 39.
)
(/usr/share/texlive/texmf-dist/tex/latex/amsmath/amsbsy.sty
Package: amsbsy 1999/11/29 v1.2d
\pmbraise@=\dimen103
)
(/usr/share/texlive/texmf-dist/tex/latex/amsmath/amsopn.sty
Package: amsopn 1999/12/14 v2.01 operator names
)
\inf@bad=\count94
LaTeX Info: Redefining \frac on input line 210.
\uproot@=\count95
\leftroot@=\count96
LaTeX Info: Redefining \overline on input line 306.
\classnum@=\count97
\DOTSCASE@=\count98
LaTeX Info: Redefining \ldots on input line 378.
LaTeX Info: Redefining \dots on input line 381.
LaTeX Info: Redefining \cdots on input line 466.
\Mathstrutbox@=\box41
\strutbox@=\box42
\big@size=\dimen104
LaTeX Font Info:    Redeclaring font encoding OML on input line 566.
LaTeX Font Info:    Redeclaring font encoding OMS on input line 567.
\macc@depth=\count99
\c@MaxMatrixCols=\count100
\dotsspace@=\muskip10
\c@parentequation=\count101
\dspbrk@lvl=\count102
\tag@help=\toks18
\row@=\count103
\column@=\count104
\maxfields@=\count105
\andhelp@=\toks19
\eqnshift@=\dimen105
\alignsep@=\dimen106
\tagshift@=\dimen107
\tagwidth@=\dimen108
\totwidth@=\dimen109
\lineht@=\dimen110
\@envbody=\toks20
\multlinegap=\skip45
\multlinetaggap=\skip46
\mathdisplay@stack=\toks21
LaTeX Info: Redefining \[ on input line 2665.
LaTeX Info: Redefining \] on input line 2666.
)
(/usr/share/texlive/texmf-dist/tex/latex/url/url.sty
\Urlmuskip=\muskip11
Package: url 2006/04/12  ver 3.3  Verb mode for urls, etc.
)
(/usr/share/texlive/texmf-dist/tex/latex/natbib/natbib.sty
Package: natbib 2010/09/13 8.31b (PWD, AO)
\bibhang=\skip47
\bibsep=\skip48
LaTeX Info: Redefining \cite on input line 694.
\c@NAT@ctr=\count106
)
Class revtex4-1 Info: Repairing natbib's \BibitemShut on input line 7549.

(/home/pentchev/APS_TEX/revtex4-1/tex/latex/revtex/revsymb4-1.sty
Package: revsymb4-1 2010/07/25/20:33:00 4.1r (http://publish.aps.org/revtex4/ f
or documentation)
LaTeX Info: Redefining \frak on input line 95.
LaTeX Info: Redefining \Bbb on input line 111.
LaTeX Info: Redefining \REV@mathfrak on input line 119.
))
(/usr/share/texlive/texmf-dist/tex/latex/graphics/graphicx.sty
Package: graphicx 1999/02/16 v1.0f Enhanced LaTeX Graphics (DPC,SPQR)

(/usr/share/texlive/texmf-dist/tex/latex/graphics/keyval.sty
Package: keyval 1999/03/16 v1.13 key=value parser (DPC)
\KV@toks@=\toks22
)
(/usr/share/texlive/texmf-dist/tex/latex/graphics/graphics.sty
Package: graphics 2009/02/05 v1.0o Standard LaTeX Graphics (DPC,SPQR)

(/usr/share/texlive/texmf-dist/tex/latex/graphics/trig.sty
Package: trig 1999/03/16 v1.09 sin cos tan (DPC)
)
(/usr/share/texlive/texmf-dist/tex/latex/latexconfig/graphics.cfg
File: graphics.cfg 2010/04/23 v1.9 graphics configuration of TeX Live
)
Package graphics Info: Driver file: pdftex.def on input line 91.

(/usr/share/texlive/texmf-dist/tex/latex/pdftex-def/pdftex.def
File: pdftex.def 2011/05/27 v0.06d Graphics/color for pdfTeX

(/usr/share/texlive/texmf-dist/tex/generic/oberdiek/infwarerr.sty
Package: infwarerr 2010/04/08 v1.3 Providing info/warning/error messages (HO)
)
(/usr/share/texlive/texmf-dist/tex/generic/oberdiek/ltxcmds.sty
Package: ltxcmds 2011/11/09 v1.22 LaTeX kernel commands for general use (HO)
)
\Gread@gobject=\count107
))
\Gin@req@height=\dimen111
\Gin@req@width=\dimen112
)
(/usr/share/texlive/texmf-dist/tex/latex/setspace/setspace.sty
Package: setspace 2011/12/19 v6.7a set line spacing
)
(/usr/share/texlive/texmf-dist/tex/latex/tools/dcolumn.sty
Package: dcolumn 2001/05/28 v1.06 decimal alignment package (DPC)

(/usr/share/texlive/texmf-dist/tex/latex/tools/array.sty
Package: array 2008/09/09 v2.4c Tabular extension package (FMi)
\col@sep=\dimen113
\extrarowheight=\dimen114
\NC@list=\toks23
\extratabsurround=\skip49
\backup@length=\skip50
))
(/usr/share/texlive/texmf-dist/tex/latex/tools/bm.sty
Package: bm 2004/02/26 v1.1c Bold Symbol Support (DPC/FMi)
\symboldoperators=\mathgroup6
\symboldletters=\mathgroup7
\symboldsymbols=\mathgroup8
LaTeX Font Info:    Redeclaring math alphabet \mathbf on input line 138.
LaTeX Info: Redefining \bm on input line 204.
)
(/usr/share/texlive/texmf-dist/tex/latex/caption/subcaption.sty
Package: subcaption 2013/02/03 v1.1-62 Sub-captions (AR)

(/usr/share/texlive/texmf-dist/tex/latex/caption/caption.sty
Package: caption 2013/02/03 v3.3-65 Customizing captions (AR)

(/usr/share/texlive/texmf-dist/tex/latex/caption/caption3.sty
Package: caption3 2013/02/03 v1.5-62 caption3 kernel (AR)
\captionmargin=\dimen115
\captionmargin@=\dimen116
\captionwidth=\dimen117
\caption@tempdima=\dimen118
\caption@indent=\dimen119
\caption@parindent=\dimen120
\caption@hangindent=\dimen121
Package caption Info: Unknown document class (or package),
(caption)             standard defaults will be used.
)

Package caption Warning: Unsupported document class (or package) detected,
(caption)                usage of the caption package is not recommended.
See the caption package documentation for explanation.

Package caption Info: \@makecaption = \long macro:#1#2->\par \vskip \abovecapti
onskip \begingroup \small \rmfamily \sbox \@tempboxa {\let \\\heading@cr \@make
@capt@title {#1}{#2}}\@ifdim {\wd \@tempboxa >\hsize }{\begingroup \samepage \f
lushing \let \footnote \@footnotemark@gobble \@make@capt@title {#1}{#2}\par \en
dgroup }{\global \@minipagefalse \hb@xt@ \hsize {\hfil \unhbox \@tempboxa \hfil
 }}\endgroup \vskip \belowcaptionskip .
\c@ContinuedFloat=\count108
)
\c@subfigure=\count109
\c@subtable=\count110
)
Class revtex4-1 Info: Patching array package. on input line 61.
Class revtex4-1 Info: Robustifying \LaTeX's \boldmath command on input line 61.

Class revtex4-1 Info: cite was not loaded (OK!) on input line 61.
Class revtex4-1 Info: mcite was not loaded (OK!) on input line 61.
Class revtex4-1 Info: multicol was not loaded (OK!) on input line 61.
 (./gem_trd.aux

LaTeX Warning: Label `fig:BH_pove_pi' multiply defined.

)
\openout1 = `gem_trd.aux'.

LaTeX Font Info:    Checking defaults for OML/cmm/m/it on input line 61.
LaTeX Font Info:    ... okay on input line 61.
LaTeX Font Info:    Checking defaults for T1/cmr/m/n on input line 61.
LaTeX Font Info:    ... okay on input line 61.
LaTeX Font Info:    Checking defaults for OT1/cmr/m/n on input line 61.
LaTeX Font Info:    ... okay on input line 61.
LaTeX Font Info:    Checking defaults for OMS/cmsy/m/n on input line 61.
LaTeX Font Info:    ... okay on input line 61.
LaTeX Font Info:    Checking defaults for OMX/cmex/m/n on input line 61.
LaTeX Font Info:    ... okay on input line 61.
LaTeX Font Info:    Checking defaults for U/cmr/m/n on input line 61.
LaTeX Font Info:    ... okay on input line 61.
 (/usr/share/texlive/texmf-dist/tex/context/base/supp-pdf.mkii
[Loading MPS to PDF converter (version 2006.09.02).]
\scratchcounter=\count111
\scratchdimen=\dimen122
\scratchbox=\box43
\nofMPsegments=\count112
\nofMParguments=\count113
\everyMPshowfont=\toks24
\MPscratchCnt=\count114
\MPscratchDim=\dimen123
\MPnumerator=\count115
\makeMPintoPDFobject=\count116
\everyMPtoPDFconversion=\toks25
) (/usr/share/texlive/texmf-dist/tex/generic/oberdiek/pdftexcmds.sty
Package: pdftexcmds 2011/11/29 v0.20 Utility functions of pdfTeX for LuaTeX (HO
)

(/usr/share/texlive/texmf-dist/tex/generic/oberdiek/ifluatex.sty
Package: ifluatex 2010/03/01 v1.3 Provides the ifluatex switch (HO)
Package ifluatex Info: LuaTeX not detected.
)
(/usr/share/texlive/texmf-dist/tex/generic/oberdiek/ifpdf.sty
Package: ifpdf 2011/01/30 v2.3 Provides the ifpdf switch (HO)
Package ifpdf Info: pdfTeX in PDF mode is detected.
)
Package pdftexcmds Info: LuaTeX not detected.
Package pdftexcmds Info: \pdf@primitive is available.
Package pdftexcmds Info: \pdf@ifprimitive is available.
Package pdftexcmds Info: \pdfdraftmode found.
)
(/usr/share/texlive/texmf-dist/tex/latex/oberdiek/epstopdf-base.sty
Package: epstopdf-base 2010/02/09 v2.5 Base part for package epstopdf

(/usr/share/texlive/texmf-dist/tex/latex/oberdiek/grfext.sty
Package: grfext 2010/08/19 v1.1 Manage graphics extensions (HO)

(/usr/share/texlive/texmf-dist/tex/generic/oberdiek/kvdefinekeys.sty
Package: kvdefinekeys 2011/04/07 v1.3 Define keys (HO)
))
(/usr/share/texlive/texmf-dist/tex/latex/oberdiek/kvoptions.sty
Package: kvoptions 2011/06/30 v3.11 Key value format for package options (HO)

(/usr/share/texlive/texmf-dist/tex/generic/oberdiek/kvsetkeys.sty
Package: kvsetkeys 2012/04/25 v1.16 Key value parser (HO)

(/usr/share/texlive/texmf-dist/tex/generic/oberdiek/etexcmds.sty
Package: etexcmds 2011/02/16 v1.5 Avoid name clashes with e-TeX commands (HO)
Package etexcmds Info: Could not find \expanded.
(etexcmds)             That can mean that you are not using pdfTeX 1.50 or
(etexcmds)             that some package has redefined \expanded.
(etexcmds)             In the latter case, load this package earlier.
)))
Package grfext Info: Graphics extension search list:
(grfext)             [.png,.pdf,.jpg,.mps,.jpeg,.jbig2,.jb2,.PNG,.PDF,.JPG,.JPE
G,.JBIG2,.JB2,.eps]
(grfext)             \AppendGraphicsExtensions on input line 452.

(/usr/share/texlive/texmf-dist/tex/latex/latexconfig/epstopdf-sys.cfg
File: epstopdf-sys.cfg 2010/07/13 v1.3 Configuration of (r)epstopdf for TeX Liv
e
))
Package caption Info: Begin \AtBeginDocument code.
Package caption Info: End \AtBeginDocument code.
\openout3 = `gem_trdNotes.bib'.

LaTeX Font Info:    Try loading font information for U+msa on input line 98.

(/usr/share/texlive/texmf-dist/tex/latex/amsfonts/umsa.fd
File: umsa.fd 2013/01/14 v3.01 AMS symbols A
)
LaTeX Font Info:    Try loading font information for U+msb on input line 98.

(/usr/share/texlive/texmf-dist/tex/latex/amsfonts/umsb.fd
File: umsb.fd 2013/01/14 v3.01 AMS symbols B
) [1{/usr/share/texlive/texmf/fonts/map/pdftex/updmap/pdftex.map}] (./gem_trd.t
oc)
\tf@toc=\write4
\openout4 = `gem_trd.toc'.

 [2]
LaTeX Font Info:    Try loading font information for OMS+cmr on input line 157.


(/usr/share/texlive/texmf-dist/tex/latex/base/omscmr.fd
File: omscmr.fd 1999/05/25 v2.5h Standard LaTeX font definitions
)
LaTeX Font Info:    Font shape `OMS/cmr/m/n' in size <12> not available
(Font)              Font shape `OMS/cmsy/m/n' tried instead on input line 157.
 [3] [4]

LaTeX Warning: No positions in optional float specifier.
               Default added (so using `tbp') on input line 229.

<./fig/GEM_TRD_side.pdf, id=25, 794.97pt x 614.295pt>
File: ./fig/GEM_TRD_side.pdf Graphic file (type pdf)

<use ./fig/GEM_TRD_side.pdf>
Package pdftex.def Info: ./fig/GEM_TRD_side.pdf used on input line 230.
(pdftex.def)             Requested size: 374.40143pt x 289.31857pt.


LaTeX Warning: No positions in optional float specifier.
               Default added (so using `tbp') on input line 240.

<./fig/GEM_TRD_full.pdf, id=26, 794.97pt x 614.295pt>
File: ./fig/GEM_TRD_full.pdf Graphic file (type pdf)

<use ./fig/GEM_TRD_full.pdf>
Package pdftex.def Info: ./fig/GEM_TRD_full.pdf used on input line 241.
(pdftex.def)             Requested size: 374.40143pt x 289.31857pt.
 [5 <./fig/GEM_TRD_side.pdf, page is rotated 90 degrees>] <./fig/GEM_TRD_princi
ple.jpg, id=34, 182.91345pt x 176.51788pt>
File: ./fig/GEM_TRD_principle.jpg Graphic file (type jpg)

<use ./fig/GEM_TRD_principle.jpg>
Package pdftex.def Info: ./fig/GEM_TRD_principle.jpg used on input line 278.
(pdftex.def)             Requested size: 187.19714pt x 180.65726pt.

<./fig/GEMTRD_piel_ampl_vs_t_left-2142.pdf, id=35, 569.12625pt x 388.45125pt>
File: ./fig/GEMTRD_piel_ampl_vs_t_left-2142.pdf Graphic file (type pdf)

<use ./fig/GEMTRD_piel_ampl_vs_t_left-2142.pdf>
Package pdftex.def Info: ./fig/GEMTRD_piel_ampl_vs_t_left-2142.pdf used on inpu
t line 284.
(pdftex.def)             Requested size: 229.32257pt x 156.5217pt.


LaTeX Warning: `h' float specifier changed to `ht'.


Overfull \hbox (33.32858pt too wide) in alignment at lines 296--319
 [] [] [] 
 []


LaTeX Warning: `!h' float specifier changed to `!ht'.

[6 <./fig/GEM_TRD_full.pdf, page is rotated 90 degrees>] [7 <./fig/GEM_TRD_prin
ciple.jpg> <./fig/GEMTRD_piel_ampl_vs_t_left-2142.pdf, page is rotated 90 degre
es>]

LaTeX Warning: No positions in optional float specifier.
               Default added (so using `tbp') on input line 350.

<./fig/GEM_TRD_minv_data_vs_MC.pdf, id=90, 569.12625pt x 388.45125pt>
File: ./fig/GEM_TRD_minv_data_vs_MC.pdf Graphic file (type pdf)

<use ./fig/GEM_TRD_minv_data_vs_MC.pdf>
Package pdftex.def Info: ./fig/GEM_TRD_minv_data_vs_MC.pdf used on input line 3
51.
(pdftex.def)             Requested size: 374.40143pt x 255.55472pt.
 [8 <./fig/GEM_TRD_minv_data_vs_MC.pdf, page is rotated 90 degrees>]
<./fig/GEM_TRD_sb_FCAL.pdf, id=139, 569.12625pt x 388.45125pt>
File: ./fig/GEM_TRD_sb_FCAL.pdf Graphic file (type pdf)

<use ./fig/GEM_TRD_sb_FCAL.pdf>
Package pdftex.def Info: ./fig/GEM_TRD_sb_FCAL.pdf used on input line 390.
(pdftex.def)             Requested size: 229.32257pt x 156.5217pt.

<./fig/GEM_TRD_sb_BCAL.pdf, id=140, 569.12625pt x 388.45125pt>
File: ./fig/GEM_TRD_sb_BCAL.pdf Graphic file (type pdf)

<use ./fig/GEM_TRD_sb_BCAL.pdf>
Package pdftex.def Info: ./fig/GEM_TRD_sb_BCAL.pdf used on input line 398.
(pdftex.def)             Requested size: 229.32257pt x 156.5217pt.


LaTeX Warning: No positions in optional float specifier.
               Default added (so using `tbp') on input line 420.

<./fig/GEM_TRD_Minv_one_in_FCAL_comp.pdf, id=141, 569.12625pt x 388.45125pt>
File: ./fig/GEM_TRD_Minv_one_in_FCAL_comp.pdf Graphic file (type pdf)

<use ./fig/GEM_TRD_Minv_one_in_FCAL_comp.pdf>
Package pdftex.def Info: ./fig/GEM_TRD_Minv_one_in_FCAL_comp.pdf used on input 
line 421.
(pdftex.def)             Requested size: 374.40143pt x 255.55472pt.
 [9 <./fig/GEM_TRD_sb_FCAL.pdf, page is rotated 90 degrees> <./fig/GEM_TRD_sb_B
CAL.pdf, page is rotated 90 degrees>] [10 <./fig/GEM_TRD_Minv_one_in_FCAL_comp.
pdf, page is rotated 90 degrees>]

LaTeX Warning: No positions in optional float specifier.
               Default added (so using `tbp') on input line 477.

<./fig/GEM_TRD_Minv_no_with_KF.pdf, id=279, 569.12625pt x 388.45125pt>
File: ./fig/GEM_TRD_Minv_no_with_KF.pdf Graphic file (type pdf)

<use ./fig/GEM_TRD_Minv_no_with_KF.pdf>
Package pdftex.def Info: ./fig/GEM_TRD_Minv_no_with_KF.pdf used on input line 4
78.
(pdftex.def)             Requested size: 374.40143pt x 255.55472pt.

<./fig/AN2_BH_Minv_comp.pdf, id=280, 569.12625pt x 388.45125pt>
File: ./fig/AN2_BH_Minv_comp.pdf Graphic file (type pdf)

<use ./fig/AN2_BH_Minv_comp.pdf>
Package pdftex.def Info: ./fig/AN2_BH_Minv_comp.pdf used on input line 493.
(pdftex.def)             Requested size: 229.32257pt x 156.5217pt.

<./fig/AN2_BH_Minv_ratio.pdf, id=281, 569.12625pt x 388.45125pt>
File: ./fig/AN2_BH_Minv_ratio.pdf Graphic file (type pdf)

<use ./fig/AN2_BH_Minv_ratio.pdf>
Package pdftex.def Info: ./fig/AN2_BH_Minv_ratio.pdf used on input line 499.
(pdftex.def)             Requested size: 229.32257pt x 156.5217pt.
 [11 <./fig/GEM_TRD_Minv_no_with_KF.pdf, page is rotated 90 degrees>] [12 <./fi
g/AN2_BH_Minv_comp.pdf, page is rotated 90 degrees> <./fig/AN2_BH_Minv_ratio.pd
f, page is rotated 90 degrees>]

LaTeX Warning: No positions in optional float specifier.
               Default added (so using `tbp') on input line 546.

<./fig/AN4_to_theor1_TMC.pdf, id=417, 569.12625pt x 388.45125pt>
File: ./fig/AN4_to_theor1_TMC.pdf Graphic file (type pdf)

<use ./fig/AN4_to_theor1_TMC.pdf>
Package pdftex.def Info: ./fig/AN4_to_theor1_TMC.pdf used on input line 547.
(pdftex.def)             Requested size: 374.40143pt x 255.55472pt.
 [13 <./fig/AN4_to_theor1_TMC.pdf, page is rotated 90 degrees>]
<./fig/GEM_TRD_NNoutput.jpg, id=465, 144.68454pt x 122.56992pt>
File: ./fig/GEM_TRD_NNoutput.jpg Graphic file (type jpg)

<use ./fig/GEM_TRD_NNoutput.jpg>
Package pdftex.def Info: ./fig/GEM_TRD_NNoutput.jpg used on input line 570.
(pdftex.def)             Requested size: 229.32257pt x 194.28674pt.

<./fig/pion_rejection.png, id=466, 128.48pt x 97.36375pt>
File: ./fig/pion_rejection.png Graphic file (type png)

<use ./fig/pion_rejection.png>
Package pdftex.def Info: ./fig/pion_rejection.png used on input line 577.
(pdftex.def)             Requested size: 187.19714pt x 141.87204pt.


LaTeX Warning: No positions in optional float specifier.
               Default added (so using `tbp') on input line 608.

<./fig/GEM_TRD_prototype.pdf, id=468, 794.97pt x 614.295pt>
File: ./fig/GEM_TRD_prototype.pdf Graphic file (type pdf)

<use ./fig/GEM_TRD_prototype.pdf>
Package pdftex.def Info: ./fig/GEM_TRD_prototype.pdf used on input line 609.
(pdftex.def)             Requested size: 374.40143pt x 289.31857pt.


LaTeX Warning: No positions in optional float specifier.
               Default added (so using `tbp') on input line 623.

<./fig/TRD_gas_diagram-2175.pdf, id=469, 1027.84pt x 770.88pt>
File: ./fig/TRD_gas_diagram-2175.pdf Graphic file (type pdf)

<use ./fig/TRD_gas_diagram-2175.pdf>
Package pdftex.def Info: ./fig/TRD_gas_diagram-2175.pdf used on input line 624.

(pdftex.def)             Requested size: 374.40143pt x 280.79837pt.
 [14 <./fig/GEM_TRD_NNoutput.jpg> <./fig/pion_rejection.png>] [15 <./fig/GEM_TR
D_prototype.pdf, page is rotated 90 degrees>]

LaTeX Warning: `!h' float specifier changed to `!ht'.

[16 <./fig/TRD_gas_diagram-2175.pdf>] [17]
Overfull \hbox (25.3492pt too wide) in alignment at lines 711--724
 [] [] [] 
 []


LaTeX Warning: `!h' float specifier changed to `!ht'.

<./fig/AN2_PovE_BCAL_bin4.pdf, id=500, 569.12625pt x 388.45125pt>
File: ./fig/AN2_PovE_BCAL_bin4.pdf Graphic file (type pdf)

<use ./fig/AN2_PovE_BCAL_bin4.pdf>
Package pdftex.def Info: ./fig/AN2_PovE_BCAL_bin4.pdf used on input line 773.
(pdftex.def)             Requested size: 229.32257pt x 156.5217pt.

<./fig/AN2_PovE_BCAL_bin5.pdf, id=501, 569.12625pt x 388.45125pt>
File: ./fig/AN2_PovE_BCAL_bin5.pdf Graphic file (type pdf)

<use ./fig/AN2_PovE_BCAL_bin5.pdf>
Package pdftex.def Info: ./fig/AN2_PovE_BCAL_bin5.pdf used on input line 779.
(pdftex.def)             Requested size: 229.32257pt x 156.5217pt.

<./fig/AN2_PovE_BCAL_bin6.pdf, id=502, 569.12625pt x 388.45125pt>
File: ./fig/AN2_PovE_BCAL_bin6.pdf Graphic file (type pdf)

<use ./fig/AN2_PovE_BCAL_bin6.pdf>
Package pdftex.def Info: ./fig/AN2_PovE_BCAL_bin6.pdf used on input line 784.
(pdftex.def)             Requested size: 229.32257pt x 156.5217pt.

<./fig/AN2_PovE_BCAL_bin7.pdf, id=503, 569.12625pt x 388.45125pt>
File: ./fig/AN2_PovE_BCAL_bin7.pdf Graphic file (type pdf)

<use ./fig/AN2_PovE_BCAL_bin7.pdf>
Package pdftex.def Info: ./fig/AN2_PovE_BCAL_bin7.pdf used on input line 790.
(pdftex.def)             Requested size: 229.32257pt x 156.5217pt.


LaTeX Warning: `h' float specifier changed to `ht'.

<./fig/AN2_PovE_FCAL_bin4.pdf, id=504, 569.12625pt x 388.45125pt>
File: ./fig/AN2_PovE_FCAL_bin4.pdf Graphic file (type pdf)

<use ./fig/AN2_PovE_FCAL_bin4.pdf>
Package pdftex.def Info: ./fig/AN2_PovE_FCAL_bin4.pdf used on input line 809.
(pdftex.def)             Requested size: 229.32257pt x 156.5217pt.

<./fig/AN2_PovE_FCAL_bin5.pdf, id=505, 569.12625pt x 388.45125pt>
File: ./fig/AN2_PovE_FCAL_bin5.pdf Graphic file (type pdf)

<use ./fig/AN2_PovE_FCAL_bin5.pdf>
Package pdftex.def Info: ./fig/AN2_PovE_FCAL_bin5.pdf used on input line 815.
(pdftex.def)             Requested size: 229.32257pt x 156.5217pt.

<./fig/AN2_PovE_FCAL_bin6.pdf, id=506, 569.12625pt x 388.45125pt>
File: ./fig/AN2_PovE_FCAL_bin6.pdf Graphic file (type pdf)

<use ./fig/AN2_PovE_FCAL_bin6.pdf>
Package pdftex.def Info: ./fig/AN2_PovE_FCAL_bin6.pdf used on input line 820.
(pdftex.def)             Requested size: 229.32257pt x 156.5217pt.

<./fig/AN2_PovE_FCAL_bin7.pdf, id=507, 569.12625pt x 388.45125pt>
File: ./fig/AN2_PovE_FCAL_bin7.pdf Graphic file (type pdf)

<use ./fig/AN2_PovE_FCAL_bin7.pdf>
Package pdftex.def Info: ./fig/AN2_PovE_FCAL_bin7.pdf used on input line 826.
(pdftex.def)             Requested size: 229.32257pt x 156.5217pt.


LaTeX Warning: `h' float specifier changed to `ht'.

(./gem_trd.bbl [18]) [19] [20 <./fig/AN2_PovE_BCAL_bin4.pdf, page is rotated 90
 degrees> <./fig/AN2_PovE_BCAL_bin5.pdf, page is rotated 90 degrees> <./fig/AN2
_PovE_BCAL_bin6.pdf, page is rotated 90 degrees> <./fig/AN2_PovE_BCAL_bin7.pdf,
 page is rotated 90 degrees>] [21 <./fig/AN2_PovE_FCAL_bin4.pdf, page is rotate
d 90 degrees> <./fig/AN2_PovE_FCAL_bin5.pdf, page is rotated 90 degrees> <./fig
/AN2_PovE_FCAL_bin6.pdf, page is rotated 90 degrees> <./fig/AN2_PovE_FCAL_bin7.
pdf, page is rotated 90 degrees>] (./gem_trd.aux)

LaTeX Warning: There were multiply-defined labels.

 ) 
Here is how much of TeX's memory you used:
 5847 strings out of 495063
 84174 string characters out of 3182201
 156082 words of memory out of 3000000
 8918 multiletter control sequences out of 15000+200000
 14821 words of font info for 54 fonts, out of 3000000 for 9000
 14 hyphenation exceptions out of 8191
 42i,12n,40p,816b,474s stack positions out of 5000i,500n,10000p,200000b,50000s
</usr/share/texlive/texmf-dist/fonts/type1/public/amsfonts/cm/cmbx10.pfb></us
r/share/texlive/texmf-dist/fonts/type1/public/amsfonts/cm/cmbx12.pfb></usr/shar
e/texlive/texmf-dist/fonts/type1/public/amsfonts/cm/cmmi10.pfb></usr/share/texl
ive/texmf-dist/fonts/type1/public/amsfonts/cm/cmmi12.pfb></usr/share/texlive/te
xmf-dist/fonts/type1/public/amsfonts/cm/cmmi6.pfb></usr/share/texlive/texmf-dis
t/fonts/type1/public/amsfonts/cm/cmmi8.pfb></usr/share/texlive/texmf-dist/fonts
/type1/public/amsfonts/cm/cmr10.pfb></usr/share/texlive/texmf-dist/fonts/type1/
public/amsfonts/cm/cmr12.pfb></usr/share/texlive/texmf-dist/fonts/type1/public/
amsfonts/cm/cmr8.pfb></usr/share/texlive/texmf-dist/fonts/type1/public/amsfonts
/cm/cmsy10.pfb></usr/share/texlive/texmf-dist/fonts/type1/public/amsfonts/cm/cm
sy8.pfb></usr/share/texlive/texmf-dist/fonts/type1/public/amsfonts/cm/cmti10.pf
b></usr/share/texlive/texmf-dist/fonts/type1/public/amsfonts/cm/cmti12.pfb>
Output written on gem_trd.pdf (21 pages, 2888745 bytes).
PDF statistics:
 909 PDF objects out of 1000 (max. 8388607)
 410 compressed objects within 5 object streams
 0 named destinations out of 1000 (max. 500000)
 121 words of extra memory for PDF output out of 10000 (max. 10000000)

